[debug] [2025-09-14T10:15:02.256Z] ----------------------------------------------------------------------
[debug] [2025-09-14T10:15:02.261Z] Command:       C:\Program Files\nodejs\node.exe C:\Users\Mayan\AppData\Roaming\npm\node_modules\firebase-tools\lib\bin\firebase.js init hosting
[debug] [2025-09-14T10:15:02.262Z] CLI Version:   14.16.0
[debug] [2025-09-14T10:15:02.262Z] Platform:      win32
[debug] [2025-09-14T10:15:02.262Z] Node Version:  v22.16.0
[debug] [2025-09-14T10:15:02.263Z] Time:          Sun Sep 14 2025 15:45:02 GMT+0530 (India Standard Time)
[debug] [2025-09-14T10:15:02.263Z] ----------------------------------------------------------------------
[debug] 
[debug] [2025-09-14T10:15:02.276Z] > command requires scopes: ["email","openid","https://www.googleapis.com/auth/cloudplatformprojects.readonly","https://www.googleapis.com/auth/firebase","https://www.googleapis.com/auth/cloud-platform"]
[debug] [2025-09-14T10:15:02.276Z] > authorizing via signed-in user (mayankkashyap407@gmail.com)
[info] 
     ######## #### ########  ######## ########     ###     ######  ########
     ##        ##  ##     ## ##       ##     ##  ##   ##  ##       ##
     ######    ##  ########  ######   ########  #########  ######  ######
     ##        ##  ##    ##  ##       ##     ## ##     ##       ## ##
     ##       #### ##     ## ######## ########  ##     ##  ######  ########

You're about to initialize a Firebase project in this directory:

  C:\Users\Mayan\Desktop\PriyaMobileCare

[info] 
=== Project Setup
[info] 
[info] First, let's associate this project directory with a Firebase project.
[info] You can create multiple project aliases by running firebase use --add, 
[info] but for now we'll just set up a default project.
[info] 
[debug] [2025-09-14T10:15:17.993Z] Using project from CLI flag: priyamobile-care-9568-a5
[debug] [2025-09-14T10:15:17.998Z] Checked if tokens are valid: false, expires at: 1757845805800
[debug] [2025-09-14T10:15:18.000Z] Checked if tokens are valid: false, expires at: 1757845805800
[debug] [2025-09-14T10:15:18.001Z] > refreshing access token with scopes: []
[debug] [2025-09-14T10:15:18.008Z] >>> [apiv2][query] POST https://www.googleapis.com/oauth2/v3/token [none]
[debug] [2025-09-14T10:15:18.009Z] >>> [apiv2][body] POST https://www.googleapis.com/oauth2/v3/token [omitted]
[debug] [2025-09-14T10:15:18.507Z] <<< [apiv2][status] POST https://www.googleapis.com/oauth2/v3/token 200
[debug] [2025-09-14T10:15:18.507Z] <<< [apiv2][body] POST https://www.googleapis.com/oauth2/v3/token [omitted]
[debug] [2025-09-14T10:15:18.530Z] >>> [apiv2][query] GET https://firebase.googleapis.com/v1beta1/projects/priyamobile-care-9568-a5 [none]
[debug] [2025-09-14T10:15:19.622Z] <<< [apiv2][status] GET https://firebase.googleapis.com/v1beta1/projects/priyamobile-care-9568-a5 200
[debug] [2025-09-14T10:15:19.622Z] <<< [apiv2][body] GET https://firebase.googleapis.com/v1beta1/projects/priyamobile-care-9568-a5 {"projectId":"priyamobile-care-9568-a5","projectNumber":"960829546250","displayName":"Priya Mobile Care","name":"projects/priyamobile-care-9568-a5","resources":{"hostingSite":"priyamobile-care-9568-a5"},"state":"ACTIVE","etag":"1_f41b8b5e-b246-49f3-98dc-4e6ab134bf28"}
[info] i  Using project priyamobile-care-9568-a5 (Priya Mobile Care) 
[info] 
=== Hosting Setup
[debug] [2025-09-14T10:15:19.642Z] Checked if tokens are valid: true, expires at: 1757848517507
[debug] [2025-09-14T10:15:19.643Z] Checked if tokens are valid: true, expires at: 1757848517507
[debug] [2025-09-14T10:15:19.643Z] >>> [apiv2][query] GET https://firebase.googleapis.com/v1beta1/projects/priyamobile-care-9568-a5 [none]
[debug] [2025-09-14T10:15:20.242Z] <<< [apiv2][status] GET https://firebase.googleapis.com/v1beta1/projects/priyamobile-care-9568-a5 200
[debug] [2025-09-14T10:15:20.242Z] <<< [apiv2][body] GET https://firebase.googleapis.com/v1beta1/projects/priyamobile-care-9568-a5 {"projectId":"priyamobile-care-9568-a5","projectNumber":"960829546250","displayName":"Priya Mobile Care","name":"projects/priyamobile-care-9568-a5","resources":{"hostingSite":"priyamobile-care-9568-a5"},"state":"ACTIVE","etag":"1_f41b8b5e-b246-49f3-98dc-4e6ab134bf28"}
[info] 
[info] Your public directory is the folder (relative to your project directory) that
[info] will contain Hosting assets to be uploaded with firebase deploy. If you
[info] have a build process for your assets, use your build's output directory.
[info] 
